#
# A fatal error has been detected by the Java Runtime Environment:
#
#  SIGSEGV (0xb) at pc=0x5100cc40, pid=12975, tid=783676512
#
# JRE version: Java(TM) SE Runtime Environment (8.0-b132) (build 1.8.0-b132)
# Java VM: Java HotSpot(TM) Server VM (25.0-b70 mixed mode linux-arm )
# Problematic frame:
# C  0x5100cc40
#
# Failed to write core dump. Core dumps have been disabled. To enable core dumping, try "ulimit -c unlimited" before starting Java again
#
# If you would like to submit a bug report, please visit:
#   http://bugreport.sun.com/bugreport/crash.jsp
#

---------------  T H R E A D  ---------------

Current thread (0x2fad9800):  JavaThread "Server thread" [_thread_in_Java, id=13068, stack(0x2eb10000,0x2eb60000)]

siginfo:si_signo=SIGSEGV: si_errno=0, si_code=2 (SEGV_ACCERR), si_addr=0x5100cc40

Registers:
  r0  = 0x2d0cb6d4
  r1  = 0x00000007
  r2  = 0x2e841960
  r3  = 0x70000001
  r4  = 0x2eb5e9d8
  r5  = 0x2ec68798
  r6  = 0x76998924
  r7  = 0x2e8395d4
  r8  = 0x2eb5ea04
  r9  = 0x2e83ee08
  r10 = 0x2fad9800
  fp  = 0x2eb5e9fc
  r12 = 0x2e841a58
  sp  = 0x2eb5e9d8
  lr  = 0x73f31aa0
  pc  = 0x5100cc40
  cpsr = 0x00000010

Top of Stack: (sp=0x2eb5e9d8)
0x2eb5e9d8:   3dad4bc0 2eb5e9dc 2e8395d4 2eb5ea04
0x2eb5e9e8:   2e842a78 2d0cb6d4 2e8395f0 2eb5e9d8
0x2eb5e9f8:   2eb5ea04 2eb5ea28 73f31aa0 3dad2120
0x2eb5ea08:   2eb5ea08 2ec6cb74 2eb5ea30 2e8182e0
0x2eb5ea18:   2d0c9edc 2ec6cb90 2eb5ea04 2eb5ea30
0x2eb5ea28:   2eb5ea54 73f31af4 3dad2d30 2eb5ea34
0x2eb5ea38:   2fca1ee6 2eb5ea5c 2e241168 2d0c6ab4
0x2eb5ea48:   2fca1f08 2eb5ea30 2eb5ea60 2fca4800 

Instructions: (pc=0x5100cc40)
0x5100cc20:   
[error occurred during error reporting (printing registers, top of stack, instructions near pc), id 0xb]

Register to memory mapping:

  r0  = 0x2d0cb6d4
0x2d0cb6d4 is an unknown value

  r1  = 0x00000007
0x00000007 is an unknown value

  r2  = 0x2e841960
0x2e841960 is an unknown value

  r3  = 0x70000001
0x70000001 is an unallocated location in the heap

  r4  = 0x2eb5e9d8
0x2eb5e9d8 is pointing into the stack for thread: 0x2fad9800

  r5  = 0x2ec68798
0x2ec68798 is an unknown value

  r6  = 0x76998924
0x76998924: <offset 0x7b9924> in /usr/lib/jvm/jdk-8-oracle-arm-vfp-hflt/jre/lib/arm/server/libjvm.so at 0x761df000

  r7  = 0x2e8395d4
0x2e8395d4 is an unknown value

  r8  = 0x2eb5ea04
0x2eb5ea04 is pointing into the stack for thread: 0x2fad9800

  r9  = 0x2e83ee08
0x2e83ee08 is an unknown value

  r10 = 0x2fad9800
0x2fad9800 is a thread

  fp  = 0x2eb5e9fc
0x2eb5e9fc is pointing into the stack for thread: 0x2fad9800

  r12 = 0x2e841a58
0x2e841a58 is an unknown value

  sp  = 0x2eb5e9d8
0x2eb5e9d8 is pointing into the stack for thread: 0x2fad9800

  lr  = 0x73f31aa0
0x73f31aa0 is at code_begin+1904 in an Interpreter codelet
invoke return entry points  [0x73f31330, 0x73f31cc0]  2448 bytes

  pc  = 0x5100cc40
0x5100cc40 is an unallocated location in the heap



Stack: [0x2eb10000,0x2eb60000],  sp=0x2eb5e9d8,  free space=314k
Native frames: (J=compiled Java code, j=interpreted, Vv=VM code, C=native code)
C  0x5100cc40

[error occurred during error reporting (printing native stack), id 0xb]


---------------  P R O C E S S  ---------------

Java Threads: ( => current thread )
  0x73d1f000 JavaThread "Netty Server IO #5" daemon [_thread_in_native, id=20138, stack(0x2ce60000,0x2ceb0000)]
  0x73d1e800 JavaThread "Netty Server IO #4" daemon [_thread_in_native, id=20135, stack(0x2ceb0000,0x2cf00000)]
  0x2de2b400 JavaThread "Chunk I/O Executor Thread-1" daemon [_thread_blocked, id=13261, stack(0x2da3b000,0x2da8b000)]
  0x73d10000 JavaThread "Netty Server IO #3" daemon [_thread_in_native, id=13248, stack(0x2e910000,0x2e960000)]
  0x73d13400 JavaThread "Netty Server IO #2" daemon [_thread_in_native, id=13244, stack(0x2e510000,0x2e560000)]
  0x2df6a800 JavaThread "File IO Thread" [_thread_blocked, id=13144, stack(0x2d4b0000,0x2d500000)]
  0x73d15c00 JavaThread "Netty Server IO #1" daemon [_thread_in_native, id=13128, stack(0x2dab0000,0x2db00000)]
  0x2df69400 JavaThread "Server Watchdog" daemon [_thread_blocked, id=13126, stack(0x2e560000,0x2e5b0000)]
  0x2e770400 JavaThread "Netty Server IO #0" daemon [_thread_in_native, id=13077, stack(0x2e6b0000,0x2e700000)]
  0x31402000 JavaThread "Server console handler" daemon [_thread_in_native, id=13070, stack(0x2e960000,0x2e9b0000)]
  0x31400c00 JavaThread "Thread-4" [_thread_blocked, id=13069, stack(0x2e9b0000,0x2ea00000)]
  0x76007400 JavaThread "DestroyJavaVM" [_thread_blocked, id=12977, stack(0x76114000,0x76164000)]
=>0x2fad9800 JavaThread "Server thread" [_thread_in_Java, id=13068, stack(0x2eb10000,0x2eb60000)]
  0x2fad8800 JavaThread "Server Infinisleeper" daemon [_thread_blocked, id=13067, stack(0x2eb60000,0x2ebb0000)]
  0x2fa9e800 JavaThread "Snooper Timer" daemon [_thread_blocked, id=13064, stack(0x2ecb0000,0x2ed00000)]
  0x30c4f800 JavaThread "Service Thread" daemon [_thread_blocked, id=12990, stack(0x306d7000,0x30727000)]
  0x30c4c400 JavaThread "C2 CompilerThread1" daemon [_thread_blocked, id=12989, stack(0x30727000,0x307a7000)]
  0x30c4ac00 JavaThread "C2 CompilerThread0" daemon [_thread_blocked, id=12988, stack(0x307a7000,0x30827000)]
  0x30c49400 JavaThread "Signal Dispatcher" daemon [_thread_blocked, id=12987, stack(0x30827000,0x30877000)]
  0x30c47c00 JavaThread "Surrogate Locker Thread (Concurrent GC)" daemon [_thread_blocked, id=12986, stack(0x30b10000,0x30b60000)]
  0x30c2a000 JavaThread "Finalizer" daemon [_thread_blocked, id=12985, stack(0x30b60000,0x30bb0000)]
  0x30c28800 JavaThread "Reference Handler" daemon [_thread_blocked, id=12984, stack(0x30bb0000,0x30c00000)]

Other Threads:
  0x30c24800 VMThread [stack: 0x30d11000,0x30d91000] [id=12983]
  0x30c51800 WatcherThread [stack: 0x30657000,0x306d7000] [id=12991]

VM state:not at safepoint (normal execution)

VM Mutex/Monitor currently owned by a thread: None

Heap:
 par new generation   total 59008K, used 48719K [0x33800000, 0x37800000, 0x37800000)
  eden space 52480K,  90% used [0x33800000, 0x36649ae0, 0x36b40000)
  from space 6528K,  20% used [0x36b40000, 0x36c8a488, 0x371a0000)
  to   space 6528K,   0% used [0x371a0000, 0x371a0000, 0x37800000)
 concurrent mark-sweep generation total 281984K, used 142005K [0x37800000, 0x48b60000, 0x73800000)
 Metaspace       used 21377K, capacity 21565K, committed 21656K, reserved 21808K

Card table byte_map: [0x335ff000,0x33800000] byte_map_base: 0x33463000

Marking Bits: (CMSBitMap*) 0x76078150
 Bits: [0x3161d000, 0x3341d000)

Mod Union Table: (CMSBitMap*) 0x760781b0
 Bits: [0x73a43000, 0x73a7f000)

Polling page: 0x76fb8000

CodeCache: size=32768Kb used=5507Kb max_used=5519Kb free=27260Kb
 bounds [0x73f2d000, 0x7449d000, 0x75f2d000]
 total_blobs=2128 nmethods=1879 adapters=198
 compilation: enabled

Compilation events (10 events):
Event: 5352.495 Thread 0x30c4ac00 2144             net.minecraft.server.v1_8_R3.Block::a (10 bytes)
Event: 5352.498 Thread 0x30c4ac00 nmethod 2144 0x74491048 code [0x74491130, 0x744911ac]
Event: 5352.831 Thread 0x30c4ac00 2145             net.minecraft.server.v1_8_R3.PacketPlayInFlying::a (9 bytes)
Event: 5352.839 Thread 0x30c4ac00 nmethod 2145 0x74492908 code [0x74492a00, 0x74492ab8]
Event: 5375.554 Thread 0x30c4c400 2146             net.minecraft.server.v1_8_R3.PacketDataSerializer::writeBoolean (9 bytes)
Event: 5375.565 Thread 0x30c4c400 nmethod 2146 0x7443aa08 code [0x7443ab10, 0x7443ac74]
Event: 5377.711 Thread 0x30c4ac00 2147             io.netty.channel.AdaptiveRecvByteBufAllocator::access$100 (4 bytes)
Event: 5377.712 Thread 0x30c4ac00 nmethod 2147 0x74490988 code [0x74490a60, 0x74490aac]
Event: 5378.873 Thread 0x30c4ac00 2148             java.util.concurrent.Executors$RunnableAdapter::call (14 bytes)
Event: 5378.902 Thread 0x30c4ac00 nmethod 2148 0x744934c8 code [0x74493620, 0x74493a40]

GC Heap History (10 events):
Event: 5356.625 GC heap before
{Heap before GC invocations=876 (full 14):
 par new generation   total 59008K, used 53360K [0x33800000, 0x37800000, 0x37800000)
  eden space 52480K, 100% used [0x33800000, 0x36b40000, 0x36b40000)
  from space 6528K,  13% used [0x371a0000, 0x3727c350, 0x37800000)
  to   space 6528K,   0% used [0x36b40000, 0x36b40000, 0x371a0000)
 concurrent mark-sweep generation total 281984K, used 141653K [0x37800000, 0x48b60000, 0x73800000)
 Metaspace       used 21377K, capacity 21565K, committed 21656K, reserved 21808K
Event: 5356.681 GC heap after
Heap after GC invocations=877 (full 14):
 par new generation   total 59008K, used 1514K [0x33800000, 0x37800000, 0x37800000)
  eden space 52480K,   0% used [0x33800000, 0x33800000, 0x36b40000)
  from space 6528K,  23% used [0x36b40000, 0x36cba9c0, 0x371a0000)
  to   space 6528K,   0% used [0x371a0000, 0x371a0000, 0x37800000)
 concurrent mark-sweep generation total 281984K, used 141653K [0x37800000, 0x48b60000, 0x73800000)
 Metaspace       used 21377K, capacity 21565K, committed 21656K, reserved 21808K
}
Event: 5361.689 GC heap before
{Heap before GC invocations=877 (full 14):
 par new generation   total 59008K, used 53994K [0x33800000, 0x37800000, 0x37800000)
  eden space 52480K, 100% used [0x33800000, 0x36b40000, 0x36b40000)
  from space 6528K,  23% used [0x36b40000, 0x36cba9c0, 0x371a0000)
  to   space 6528K,   0% used [0x371a0000, 0x371a0000, 0x37800000)
 concurrent mark-sweep generation total 281984K, used 141653K [0x37800000, 0x48b60000, 0x73800000)
 Metaspace       used 21377K, capacity 21565K, committed 21656K, reserved 21808K
Event: 5361.724 GC heap after
Heap after GC invocations=878 (full 14):
 par new generation   total 59008K, used 1546K [0x33800000, 0x37800000, 0x37800000)
  eden space 52480K,   0% used [0x33800000, 0x33800000, 0x36b40000)
  from space 6528K,  23% used [0x371a0000, 0x37322848, 0x37800000)
  to   space 6528K,   0% used [0x36b40000, 0x36b40000, 0x371a0000)
 concurrent mark-sweep generation total 281984K, used 141653K [0x37800000, 0x48b60000, 0x73800000)
 Metaspace       used 21377K, capacity 21565K, committed 21656K, reserved 21808K
}
Event: 5366.745 GC heap before
{Heap before GC invocations=878 (full 14):
 par new generation   total 59008K, used 54026K [0x33800000, 0x37800000, 0x37800000)
  eden space 52480K, 100% used [0x33800000, 0x36b40000, 0x36b40000)
  from space 6528K,  23% used [0x371a0000, 0x37322848, 0x37800000)
  to   space 6528K,   0% used [0x36b40000, 0x36b40000, 0x371a0000)
 concurrent mark-sweep generation total 281984K, used 141653K [0x37800000, 0x48b60000, 0x73800000)
 Metaspace       used 21377K, capacity 21565K, committed 21656K, reserved 21808K
Event: 5366.766 GC heap after
Heap after GC invocations=879 (full 14):
 par new generation   total 59008K, used 1604K [0x33800000, 0x37800000, 0x37800000)
  eden space 52480K,   0% used [0x33800000, 0x33800000, 0x36b40000)
  from space 6528K,  24% used [0x36b40000, 0x36cd13d0, 0x371a0000)
  to   space 6528K,   0% used [0x371a0000, 0x371a0000, 0x37800000)
 concurrent mark-sweep generation total 281984K, used 141653K [0x37800000, 0x48b60000, 0x73800000)
 Metaspace       used 21377K, capacity 21565K, committed 21656K, reserved 21808K
}
Event: 5372.006 GC heap before
{Heap before GC invocations=879 (full 14):
 par new generation   total 59008K, used 54084K [0x33800000, 0x37800000, 0x37800000)
  eden space 52480K, 100% used [0x33800000, 0x36b40000, 0x36b40000)
  from space 6528K,  24% used [0x36b40000, 0x36cd13d0, 0x371a0000)
  to   space 6528K,   0% used [0x371a0000, 0x371a0000, 0x37800000)
 concurrent mark-sweep generation total 281984K, used 141653K [0x37800000, 0x48b60000, 0x73800000)
 Metaspace       used 21377K, capacity 21565K, committed 21656K, reserved 21808K
Event: 5372.032 GC heap after
Heap after GC invocations=880 (full 14):
 par new generation   total 59008K, used 1521K [0x33800000, 0x37800000, 0x37800000)
  eden space 52480K,   0% used [0x33800000, 0x33800000, 0x36b40000)
  from space 6528K,  23% used [0x371a0000, 0x3731c400, 0x37800000)
  to   space 6528K,   0% used [0x36b40000, 0x36b40000, 0x371a0000)
 concurrent mark-sweep generation total 281984K, used 141720K [0x37800000, 0x48b60000, 0x73800000)
 Metaspace       used 21377K, capacity 21565K, committed 21656K, reserved 21808K
}
Event: 5377.143 GC heap before
{Heap before GC invocations=880 (full 14):
 par new generation   total 59008K, used 54001K [0x33800000, 0x37800000, 0x37800000)
  eden space 52480K, 100% used [0x33800000, 0x36b40000, 0x36b40000)
  from space 6528K,  23% used [0x371a0000, 0x3731c400, 0x37800000)
  to   space 6528K,   0% used [0x36b40000, 0x36b40000, 0x371a0000)
 concurrent mark-sweep generation total 281984K, used 141720K [0x37800000, 0x48b60000, 0x73800000)
 Metaspace       used 21377K, capacity 21565K, committed 21656K, reserved 21808K
Event: 5377.169 GC heap after
Heap after GC invocations=881 (full 14):
 par new generation   total 59008K, used 1321K [0x33800000, 0x37800000, 0x37800000)
  eden space 52480K,   0% used [0x33800000, 0x33800000, 0x36b40000)
  from space 6528K,  20% used [0x36b40000, 0x36c8a488, 0x371a0000)
  to   space 6528K,   0% used [0x371a0000, 0x371a0000, 0x37800000)
 concurrent mark-sweep generation total 281984K, used 142005K [0x37800000, 0x48b60000, 0x73800000)
 Metaspace       used 21377K, capacity 21565K, committed 21656K, reserved 21808K
}

Deoptimization events (10 events):
Event: 5058.883 Thread 0x2fad9800 Uncommon trap: reason=uninitialized action=reinterpret pc=0x74190a5c method=net.minecraft.server.v1_8_R3.EntityItem.t_()V @ 480
Event: 5111.088 Thread 0x2fad9800 Uncommon trap: reason=unreached action=reinterpret pc=0x74434340 method=net.minecraft.server.v1_8_R3.StructureGenerator.b(Lnet/minecraft/server/v1_8_R3/BlockPosition;)Z @ 13
Event: 5111.088 Thread 0x2fad9800 Uncommon trap: reason=unreached action=reinterpret pc=0x743841b4 method=net.minecraft.server.v1_8_R3.StructureGenerator.b(Lnet/minecraft/server/v1_8_R3/BlockPosition;)Z @ 13
Event: 5111.088 Thread 0x2fad9800 Uncommon trap: reason=unreached action=reinterpret pc=0x73ff0830 method=net.minecraft.server.v1_8_R3.StructureGenerator.b(Lnet/minecraft/server/v1_8_R3/BlockPosition;)Z @ 13
Event: 5113.739 Thread 0x2fad9800 Uncommon trap: reason=unreached action=reinterpret pc=0x743ce2f4 method=net.minecraft.server.v1_8_R3.PlayerConnection.sendPacket(Lnet/minecraft/server/v1_8_R3/Packet;)V @ 4
Event: 5137.461 Thread 0x2fad9800 Uncommon trap: reason=class_check action=maybe_recompile pc=0x74402710 method=net.minecraft.server.v1_8_R3.Entity.move(DDD)V @ 2219
Event: 5216.719 Thread 0x2fad9800 Uncommon trap: reason=class_check action=maybe_recompile pc=0x743ed8b8 method=net.minecraft.server.v1_8_R3.Chunk.a(Ljava/lang/Class;Lnet/minecraft/server/v1_8_R3/AxisAlignedBB;Ljava/util/List;Lcom/google/common/base/Predicate;)V @ 125
Event: 5216.862 Thread 0x2fad9800 Uncommon trap: reason=class_check action=maybe_recompile pc=0x743ed8b8 method=net.minecraft.server.v1_8_R3.Chunk.a(Ljava/lang/Class;Lnet/minecraft/server/v1_8_R3/AxisAlignedBB;Ljava/util/List;Lcom/google/common/base/Predicate;)V @ 125
Event: 5228.454 Thread 0x2fad9800 Uncommon trap: reason=unreached action=reinterpret pc=0x74379584 method=net.minecraft.server.v1_8_R3.PathfinderGoalLookAtPlayer.a()Z @ 125
Event: 5249.183 Thread 0x2fad9800 Uncommon trap: reason=class_check action=maybe_recompile pc=0x7416bca8 method=net.minecraft.server.v1_8_R3.DataWatcher.watch(ILjava/lang/Object;)V @ 27

Internal exceptions (10 events):
Event: 4658.960 Thread 0x2fad9800 Implicit null exception at 0x74249464 to 0x742495d0
Event: 4661.573 Thread 0x2fad9800 Exception <a 'java/security/PrivilegedActionException'> (0x33a8b6e0) thrown at [/HUDSON/workspace/8-2-build-glinux-arm-vfp-hflt/jdk8/2238/hotspot/src/share/vm/prims/jvm.cpp, line 1248]
Event: 4683.922 Thread 0x2fad9800 Implicit null exception at 0x742ab220 to 0x742ab834
Event: 4693.819 Thread 0x2fad9800 Exception <a 'java/security/PrivilegedActionException'> (0x3472f178) thrown at [/HUDSON/workspace/8-2-build-glinux-arm-vfp-hflt/jdk8/2238/hotspot/src/share/vm/prims/jvm.cpp, line 1248]
Event: 4693.825 Thread 0x2fad9800 Exception <a 'java/security/PrivilegedActionException'> (0x34731d58) thrown at [/HUDSON/workspace/8-2-build-glinux-arm-vfp-hflt/jdk8/2238/hotspot/src/share/vm/prims/jvm.cpp, line 1248]
Event: 4698.454 Thread 0x2fad9800 Exception <a 'java/security/PrivilegedActionException'> (0x33fe4e50) thrown at [/HUDSON/workspace/8-2-build-glinux-arm-vfp-hflt/jdk8/2238/hotspot/src/share/vm/prims/jvm.cpp, line 1248]
Event: 4711.558 Thread 0x2fad9800 Exception <a 'java/security/PrivilegedActionException'> (0x35f636f0) thrown at [/HUDSON/workspace/8-2-build-glinux-arm-vfp-hflt/jdk8/2238/hotspot/src/share/vm/prims/jvm.cpp, line 1248]
Event: 4717.206 Thread 0x2fad9800 Exception <a 'java/security/PrivilegedActionException'> (0x34ffa290) thrown at [/HUDSON/workspace/8-2-build-glinux-arm-vfp-hflt/jdk8/2238/hotspot/src/share/vm/prims/jvm.cpp, line 1248]
Event: 4757.186 Thread 0x2fad9800 Implicit null exception at 0x743dcf94 to 0x743dd07c
Event: 4786.783 Thread 0x2fad9800 Exception <a 'java/security/PrivilegedActionException'> (0x34d44a70) thrown at [/HUDSON/workspace/8-2-build-glinux-arm-vfp-hflt/jdk8/2238/hotspot/src/share/vm/prims/jvm.cpp, line 1248]

Events (10 events):
Event: 5356.624 Executing VM operation: GenCollectForAllocation
Event: 5356.681 Executing VM operation: GenCollectForAllocation done
Event: 5361.688 Executing VM operation: GenCollectForAllocation
Event: 5361.725 Executing VM operation: GenCollectForAllocation done
Event: 5366.744 Executing VM operation: GenCollectForAllocation
Event: 5366.766 Executing VM operation: GenCollectForAllocation done
Event: 5372.005 Executing VM operation: GenCollectForAllocation
Event: 5372.032 Executing VM operation: GenCollectForAllocation done
Event: 5377.143 Executing VM operation: GenCollectForAllocation
Event: 5377.170 Executing VM operation: GenCollectForAllocation done


Dynamic libraries:
00008000-00009000 r-xp 00000000 b3:02 43312      /usr/lib/jvm/jdk-8-oracle-arm-vfp-hflt/jre/bin/java
00010000-00011000 rw-p 00000000 b3:02 43312      /usr/lib/jvm/jdk-8-oracle-arm-vfp-hflt/jre/bin/java
01ffc000-02093000 rw-p 00000000 00:00 0          [heap]
2bb00000-2bb96000 rw-p 00000000 00:00 0 
2bb96000-2bc00000 ---p 00000000 00:00 0 
2bd00000-2be00000 rw-p 00000000 00:00 0 
2c100000-2c1f9000 rw-p 00000000 00:00 0 
2c1f9000-2c200000 ---p 00000000 00:00 0 
2c200000-2c300000 rw-p 00000000 00:00 0 
2c300000-2c3e8000 rw-p 00000000 00:00 0 
2c3e8000-2c400000 ---p 00000000 00:00 0 
2c400000-2c4ff000 rw-p 00000000 00:00 0 
2c4ff000-2c500000 ---p 00000000 00:00 0 
2c500000-2c600000 rw-p 00000000 00:00 0 
2c700000-2c7fe000 rw-p 00000000 00:00 0 
2c7fe000-2c800000 ---p 00000000 00:00 0 
2c900000-2c9f5000 rw-p 00000000 00:00 0 
2c9f5000-2ca00000 ---p 00000000 00:00 0 
2cb00000-2cbff000 rw-p 00000000 00:00 0 
2cbff000-2cc00000 ---p 00000000 00:00 0 
2ccb0000-2ccb3000 ---p 00000000 00:00 0 
2ccb3000-2cd00000 rwxp 00000000 00:00 0 
2cd00000-2cdfd000 rw-p 00000000 00:00 0 
2cdfd000-2ce00000 ---p 00000000 00:00 0 
2ce10000-2ce13000 ---p 00000000 00:00 0 
2ce13000-2ce60000 rwxp 00000000 00:00 0 
2ce60000-2ce63000 ---p 00000000 00:00 0 
2ce63000-2ceb0000 rwxp 00000000 00:00 0          [stack:20138]
2ceb0000-2ceb3000 ---p 00000000 00:00 0 
2ceb3000-2cf00000 rwxp 00000000 00:00 0          [stack:20135]
2cf00000-2cff0000 rw-p 00000000 00:00 0 
2cff0000-2d000000 ---p 00000000 00:00 0 
2d000000-2d0e0000 rw-p 00000000 00:00 0 
2d0e0000-2d100000 ---p 00000000 00:00 0 
2d100000-2d1eb000 rw-p 00000000 00:00 0 
2d1eb000-2d200000 ---p 00000000 00:00 0 
2d200000-2d300000 rw-p 00000000 00:00 0 
2d300000-2d400000 rw-p 00000000 00:00 0 
2d421000-2d424000 ---p 00000000 00:00 0 
2d424000-2d471000 rwxp 00000000 00:00 0 
2d471000-2d4a0000 r-xp 00000000 b3:02 43478      /usr/lib/jvm/jdk-8-oracle-arm-vfp-hflt/jre/lib/arm/libsunec.so
2d4a0000-2d4a8000 ---p 0002f000 b3:02 43478      /usr/lib/jvm/jdk-8-oracle-arm-vfp-hflt/jre/lib/arm/libsunec.so
2d4a8000-2d4ab000 rw-p 0002f000 b3:02 43478      /usr/lib/jvm/jdk-8-oracle-arm-vfp-hflt/jre/lib/arm/libsunec.so
2d4ab000-2d4b0000 rw-p 00000000 00:00 0 
2d4b0000-2d4b3000 ---p 00000000 00:00 0 
2d4b3000-2d500000 rwxp 00000000 00:00 0          [stack:13144]
2d500000-2d5ea000 rw-p 00000000 00:00 0 
2d5ea000-2d600000 ---p 00000000 00:00 0 
2d600000-2d6f0000 rw-p 00000000 00:00 0 
2d6f0000-2d700000 ---p 00000000 00:00 0 
2d700000-2d800000 rw-p 00000000 00:00 0 
2d800000-2d900000 rw-p 00000000 00:00 0 
2d900000-2da00000 rw-p 00000000 00:00 0 
2da3b000-2da3e000 ---p 00000000 00:00 0 
2da3e000-2da8b000 rwxp 00000000 00:00 0          [stack:13261]
2da8b000-2da9d000 r-xp 00000000 b3:02 131670     /lib/arm-linux-gnueabihf/libresolv-2.19.so
2da9d000-2daac000 ---p 00012000 b3:02 131670     /lib/arm-linux-gnueabihf/libresolv-2.19.so
2daac000-2daad000 r--p 00011000 b3:02 131670     /lib/arm-linux-gnueabihf/libresolv-2.19.so
2daad000-2daae000 rw-p 00012000 b3:02 131670     /lib/arm-linux-gnueabihf/libresolv-2.19.so
2daae000-2dab0000 rw-p 00000000 00:00 0 
2dab0000-2dab3000 ---p 00000000 00:00 0 
2dab3000-2db00000 rwxp 00000000 00:00 0          [stack:13128]
2db00000-2dbfe000 rw-p 00000000 00:00 0 
2dbfe000-2dc00000 ---p 00000000 00:00 0 
2dc00000-2dcfc000 rw-p 00000000 00:00 0 
2dcfc000-2dd00000 ---p 00000000 00:00 0 
2dd00000-2ddff000 rw-p 00000000 00:00 0 
2ddff000-2de00000 ---p 00000000 00:00 0 
2de00000-2deff000 rw-p 00000000 00:00 0 
2deff000-2df00000 ---p 00000000 00:00 0 
2df00000-2dff9000 rw-p 00000000 00:00 0 
2dff9000-2e000000 ---p 00000000 00:00 0 
2e000000-2e0fc000 rw-p 00000000 00:00 0 
2e0fc000-2e100000 ---p 00000000 00:00 0 
2e100000-2e1fe000 rw-p 00000000 00:00 0 
2e1fe000-2e200000 ---p 00000000 00:00 0 
2e200000-2e300000 rw-p 00000000 00:00 0 
2e300000-2e400000 rw-p 00000000 00:00 0 
2e400000-2e500000 rw-p 00000000 00:00 0 
2e510000-2e513000 ---p 00000000 00:00 0 
2e513000-2e560000 rwxp 00000000 00:00 0          [stack:13244]
2e560000-2e563000 ---p 00000000 00:00 0 
2e563000-2e5b0000 rwxp 00000000 00:00 0          [stack:13126]
2e5b0000-2e6b0000 rw-p 00000000 00:00 0 
2e6b0000-2e6b3000 ---p 00000000 00:00 0 
2e6b3000-2e700000 rwxp 00000000 00:00 0          [stack:13077]
2e700000-2e7fe000 rw-p 00000000 00:00 0 
2e7fe000-2e800000 ---p 00000000 00:00 0 
2e810000-2e910000 rw-p 00000000 00:00 0 
2e910000-2e913000 ---p 00000000 00:00 0 
2e913000-2e960000 rwxp 00000000 00:00 0          [stack:13248]
2e960000-2e963000 ---p 00000000 00:00 0 
2e963000-2e9b0000 rwxp 00000000 00:00 0          [stack:13070]
2e9b0000-2e9b3000 ---p 00000000 00:00 0 
2e9b3000-2ea00000 rwxp 00000000 00:00 0          [stack:13069]
2ea00000-2ea25000 rw-p 00000000 00:00 0 
2ea25000-2eb00000 ---p 00000000 00:00 0 
2eb10000-2eb13000 ---p 00000000 00:00 0 
2eb13000-2eb60000 rwxp 00000000 00:00 0          [stack:13068]
2eb60000-2eb63000 ---p 00000000 00:00 0 
2eb63000-2ebb0000 rwxp 00000000 00:00 0          [stack:13067]
2ebb0000-2ecb0000 rw-p 00000000 00:00 0 
2ecb0000-2ecb3000 ---p 00000000 00:00 0 
2ecb3000-2ed00000 rwxp 00000000 00:00 0          [stack:13064]
2ed00000-2edfd000 rw-p 00000000 00:00 0 
2edfd000-2ee00000 ---p 00000000 00:00 0 
2ee00000-2eeff000 rw-p 00000000 00:00 0 
2eeff000-2ef00000 ---p 00000000 00:00 0 
2ef00000-2f000000 rw-p 00000000 00:00 0 
2f000000-2f0fd000 rw-p 00000000 00:00 0 
2f0fd000-2f100000 ---p 00000000 00:00 0 
2f100000-2f1f9000 rw-p 00000000 00:00 0 
2f1f9000-2f200000 ---p 00000000 00:00 0 
2f200000-2f300000 rw-p 00000000 00:00 0 
2f300000-2f400000 rw-p 00000000 00:00 0 
2f400000-2f500000 rw-p 00000000 00:00 0 
2f500000-2f5fe000 rw-p 00000000 00:00 0 
2f5fe000-2f600000 ---p 00000000 00:00 0 
2f600000-2f6f9000 rw-p 00000000 00:00 0 
2f6f9000-2f700000 ---p 00000000 00:00 0 
2f700000-2f800000 rw-p 00000000 00:00 0 
2f800000-2f900000 rw-p 00000000 00:00 0 
2f900000-2f9fd000 rw-p 00000000 00:00 0 
2f9fd000-2fa00000 ---p 00000000 00:00 0 
2fa00000-2fb00000 rw-p 00000000 00:00 0 
2fb00000-2fc00000 rw-p 00000000 00:00 0 
2fc00000-2fd00000 rw-p 00000000 00:00 0 
2fd00000-2fe00000 rw-p 00000000 00:00 0 
2fe00000-2ff00000 rw-p 00000000 00:00 0 
2ff00000-30000000 rw-p 00000000 00:00 0 
30000000-30100000 rw-p 00000000 00:00 0 
30100000-301fc000 rw-p 00000000 00:00 0 
301fc000-30200000 ---p 00000000 00:00 0 
3020e000-30212000 r-xp 00000000 b3:02 131664     /lib/arm-linux-gnueabihf/libnss_dns-2.19.so
30212000-30221000 ---p 00004000 b3:02 131664     /lib/arm-linux-gnueabihf/libnss_dns-2.19.so
30221000-30222000 r--p 00003000 b3:02 131664     /lib/arm-linux-gnueabihf/libnss_dns-2.19.so
30222000-30223000 rw-p 00004000 b3:02 131664     /lib/arm-linux-gnueabihf/libnss_dns-2.19.so
30223000-3023f000 r--s 00393000 b3:02 43551      /usr/lib/jvm/jdk-8-oracle-arm-vfp-hflt/jre/lib/ext/cldrdata.jar
3023f000-30400000 rw-p 00000000 00:00 0 
30400000-304f6000 rw-p 00000000 00:00 0 
304f6000-30500000 ---p 00000000 00:00 0 
30508000-3051a000 r--s 00345000 b3:02 43583      /usr/lib/jvm/jdk-8-oracle-arm-vfp-hflt/jre/lib/resources.jar
3051a000-30601000 r--s 00faa000 b3:02 790201     /home/otubo/minecraft_server/Minecraft/craftbukkit.jar
30601000-30657000 r--s 00408000 b3:02 43552      /usr/lib/jvm/jdk-8-oracle-arm-vfp-hflt/jre/lib/ext/jfxrt-graphics.jar
30657000-30658000 ---p 00000000 00:00 0 
30658000-306d7000 rwxp 00000000 00:00 0          [stack:12991]
306d7000-306da000 ---p 00000000 00:00 0 
306da000-30727000 rwxp 00000000 00:00 0          [stack:12990]
30727000-3072a000 ---p 00000000 00:00 0 
3072a000-307a7000 rwxp 00000000 00:00 0          [stack:12989]
307a7000-307aa000 ---p 00000000 00:00 0 
307aa000-30827000 rwxp 00000000 00:00 0          [stack:12988]
30827000-3082a000 ---p 00000000 00:00 0 
3082a000-30877000 rwxp 00000000 00:00 0          [stack:12987]
30877000-30a00000 r--p 00000000 b3:02 43961      /usr/lib/locale/locale-archive
30a00000-30a7a000 rw-p 00000000 00:00 0 
30a7a000-30b00000 ---p 00000000 00:00 0 
30b10000-30b13000 ---p 00000000 00:00 0 
30b13000-30b60000 rwxp 00000000 00:00 0          [stack:12986]
30b60000-30b63000 ---p 00000000 00:00 0 
30b63000-30bb0000 rwxp 00000000 00:00 0          [stack:12985]
30bb0000-30bb3000 ---p 00000000 00:00 0 
30bb3000-30c00000 rwxp 00000000 00:00 0          [stack:12984]
30c00000-30cfd000 rw-p 00000000 00:00 0 
30cfd000-30d00000 ---p 00000000 00:00 0 
30d11000-30d12000 ---p 00000000 00:00 0 
30d12000-30d91000 rwxp 00000000 00:00 0          [stack:12983]
30d91000-30de0000 rw-p 00000000 00:00 0 
30de0000-30fb4000 r--s 03c85000 b3:02 43530      /usr/lib/jvm/jdk-8-oracle-arm-vfp-hflt/jre/lib/rt.jar
30fb4000-313fa000 rw-p 00000000 00:00 0 
313fa000-31400000 ---p 00000000 00:00 0 
31400000-314ea000 rw-p 00000000 00:00 0 
314ea000-31500000 ---p 00000000 00:00 0 
3150c000-31511000 r--s 0003f000 b3:02 43549      /usr/lib/jvm/jdk-8-oracle-arm-vfp-hflt/jre/lib/ext/sunjce_provider.jar
31511000-3151e000 r-xp 00000000 b3:02 43490      /usr/lib/jvm/jdk-8-oracle-arm-vfp-hflt/jre/lib/arm/libnio.so
3151e000-31526000 ---p 0000d000 b3:02 43490      /usr/lib/jvm/jdk-8-oracle-arm-vfp-hflt/jre/lib/arm/libnio.so
31526000-31527000 rw-p 0000d000 b3:02 43490      /usr/lib/jvm/jdk-8-oracle-arm-vfp-hflt/jre/lib/arm/libnio.so
31527000-3153a000 r-xp 00000000 b3:02 43497      /usr/lib/jvm/jdk-8-oracle-arm-vfp-hflt/jre/lib/arm/libnet.so
3153a000-31541000 ---p 00013000 b3:02 43497      /usr/lib/jvm/jdk-8-oracle-arm-vfp-hflt/jre/lib/arm/libnet.so
31541000-31542000 rw-p 00012000 b3:02 43497      /usr/lib/jvm/jdk-8-oracle-arm-vfp-hflt/jre/lib/arm/libnet.so
31542000-3159d000 rw-p 00000000 00:00 0 
3159d000-3159e000 ---p 00000000 00:00 0 
3159e000-3161d000 rwxp 00000000 00:00 0          [stack:12982]
3161d000-334a8000 rw-p 00000000 00:00 0 
334a8000-335ff000 ---p 00000000 00:00 0 
335ff000-3361f000 rw-p 00000000 00:00 0 
3361f000-336a9000 rw-p 00000000 00:00 0 
336a9000-337ff000 ---p 00000000 00:00 0 
337ff000-37800000 rw-p 00000000 00:00 0 
37800000-48b60000 rw-p 00000000 00:00 0 
48b60000-73800000 ---p 00000000 00:00 0 
73800000-73871000 rw-p 00000000 00:00 0 
73871000-73900000 ---p 00000000 00:00 0 
73900000-739fb000 rw-p 00000000 00:00 0 
739fb000-73a00000 ---p 00000000 00:00 0 
73a00000-73a01000 r--s 00009000 b3:02 43553      /usr/lib/jvm/jdk-8-oracle-arm-vfp-hflt/jre/lib/ext/sunec.jar
73a01000-73a05000 r--s 00039000 b3:02 43547      /usr/lib/jvm/jdk-8-oracle-arm-vfp-hflt/jre/lib/ext/sunpkcs11.jar
73a05000-73a07000 r-xp 00000000 b3:02 137272     /lib/arm-linux-gnueabihf/libnss_mdns4_minimal.so.2
73a07000-73a0e000 ---p 00002000 b3:02 137272     /lib/arm-linux-gnueabihf/libnss_mdns4_minimal.so.2
73a0e000-73a0f000 r--p 00001000 b3:02 137272     /lib/arm-linux-gnueabihf/libnss_mdns4_minimal.so.2
73a0f000-73a10000 rw-p 00002000 b3:02 137272     /lib/arm-linux-gnueabihf/libnss_mdns4_minimal.so.2
73a10000-73a11000 r--s 00003000 b3:02 1311243    /home/otubo/minecraft_server/Minecraft/plugins/Slack.jar
73a11000-73a43000 r--s 0023c000 b3:02 43554      /usr/lib/jvm/jdk-8-oracle-arm-vfp-hflt/jre/lib/ext/jfxrt-controls.jar
73a43000-73a80000 rw-p 00000000 00:00 0 
73a80000-73a81000 ---p 00000000 00:00 0 
73a81000-73b00000 rwxp 00000000 00:00 0          [stack:12981]
73b00000-73c00000 rw-p 00000000 00:00 0 
73c00000-73c01000 ---p 00000000 00:00 0 
73c01000-73c80000 rwxp 00000000 00:00 0          [stack:12980]
73c80000-73c81000 ---p 00000000 00:00 0 
73c81000-73d00000 rwxp 00000000 00:00 0          [stack:12979]
73d00000-73def000 rw-p 00000000 00:00 0 
73def000-73e00000 ---p 00000000 00:00 0 
73e00000-73e03000 r--s 00019000 b3:02 43439      /usr/lib/jvm/jdk-8-oracle-arm-vfp-hflt/jre/lib/jce.jar
73e03000-73e0d000 r--s 00116000 b3:02 43555      /usr/lib/jvm/jdk-8-oracle-arm-vfp-hflt/jre/lib/ext/localedata.jar
73e0d000-73e2d000 rw-p 00000000 00:00 0 
73e2d000-73e2e000 ---p 00000000 00:00 0 
73e2e000-73ead000 rwxp 00000000 00:00 0          [stack:12978]
73ead000-73ec3000 rw-p 00000000 00:00 0 
73ec3000-73f2d000 ---p 00000000 00:00 0 
73f2d000-7449d000 rwxp 00000000 00:00 0 
7449d000-75f2d000 ---p 00000000 00:00 0 
75f2d000-75f44000 r-xp 00000000 b3:02 43481      /usr/lib/jvm/jdk-8-oracle-arm-vfp-hflt/jre/lib/arm/libzip.so
75f44000-75f4b000 ---p 00017000 b3:02 43481      /usr/lib/jvm/jdk-8-oracle-arm-vfp-hflt/jre/lib/arm/libzip.so
75f4b000-75f4c000 rw-p 00016000 b3:02 43481      /usr/lib/jvm/jdk-8-oracle-arm-vfp-hflt/jre/lib/arm/libzip.so
75f4c000-75f56000 r-xp 00000000 b3:02 131665     /lib/arm-linux-gnueabihf/libnss_files-2.19.so
75f56000-75f65000 ---p 0000a000 b3:02 131665     /lib/arm-linux-gnueabihf/libnss_files-2.19.so
75f65000-75f66000 r--p 00009000 b3:02 131665     /lib/arm-linux-gnueabihf/libnss_files-2.19.so
75f66000-75f67000 rw-p 0000a000 b3:02 131665     /lib/arm-linux-gnueabihf/libnss_files-2.19.so
75f67000-75f70000 r-xp 00000000 b3:02 131667     /lib/arm-linux-gnueabihf/libnss_nis-2.19.so
75f70000-75f7f000 ---p 00009000 b3:02 131667     /lib/arm-linux-gnueabihf/libnss_nis-2.19.so
75f7f000-75f80000 r--p 00008000 b3:02 131667     /lib/arm-linux-gnueabihf/libnss_nis-2.19.so
75f80000-75f81000 rw-p 00009000 b3:02 131667     /lib/arm-linux-gnueabihf/libnss_nis-2.19.so
75f81000-75f92000 r-xp 00000000 b3:02 131662     /lib/arm-linux-gnueabihf/libnsl-2.19.so
75f92000-75fa1000 ---p 00011000 b3:02 131662     /lib/arm-linux-gnueabihf/libnsl-2.19.so
75fa1000-75fa2000 r--p 00010000 b3:02 131662     /lib/arm-linux-gnueabihf/libnsl-2.19.so
75fa2000-75fa3000 rw-p 00011000 b3:02 131662     /lib/arm-linux-gnueabihf/libnsl-2.19.so
75fa3000-75fa5000 rw-p 00000000 00:00 0 
75fa5000-75fac000 r-xp 00000000 b3:02 131663     /lib/arm-linux-gnueabihf/libnss_compat-2.19.so
75fac000-75fbb000 ---p 00007000 b3:02 131663     /lib/arm-linux-gnueabihf/libnss_compat-2.19.so
75fbb000-75fbc000 r--p 00006000 b3:02 131663     /lib/arm-linux-gnueabihf/libnss_compat-2.19.so
75fbc000-75fbd000 rw-p 00007000 b3:02 131663     /lib/arm-linux-gnueabihf/libnss_compat-2.19.so
75fbd000-75fe0000 r-xp 00000000 b3:02 43465      /usr/lib/jvm/jdk-8-oracle-arm-vfp-hflt/jre/lib/arm/libjava.so
75fe0000-75fe8000 ---p 00023000 b3:02 43465      /usr/lib/jvm/jdk-8-oracle-arm-vfp-hflt/jre/lib/arm/libjava.so
75fe8000-75fe9000 rw-p 00023000 b3:02 43465      /usr/lib/jvm/jdk-8-oracle-arm-vfp-hflt/jre/lib/arm/libjava.so
75fe9000-75fef000 r-xp 00000000 b3:02 131671     /lib/arm-linux-gnueabihf/librt-2.19.so
75fef000-75ffe000 ---p 00006000 b3:02 131671     /lib/arm-linux-gnueabihf/librt-2.19.so
75ffe000-75fff000 r--p 00005000 b3:02 131671     /lib/arm-linux-gnueabihf/librt-2.19.so
75fff000-76000000 rw-p 00006000 b3:02 131671     /lib/arm-linux-gnueabihf/librt-2.19.so
76000000-760f8000 rw-p 00000000 00:00 0 
760f8000-76100000 ---p 00000000 00:00 0 
76100000-76104000 r--s 00093000 b3:02 43531      /usr/lib/jvm/jdk-8-oracle-arm-vfp-hflt/jre/lib/jsse.jar
76104000-7610c000 r-xp 00000000 b3:02 43483      /usr/lib/jvm/jdk-8-oracle-arm-vfp-hflt/jre/lib/arm/libmanagement.so
7610c000-76113000 ---p 00008000 b3:02 43483      /usr/lib/jvm/jdk-8-oracle-arm-vfp-hflt/jre/lib/arm/libmanagement.so
76113000-76114000 rw-p 00007000 b3:02 43483      /usr/lib/jvm/jdk-8-oracle-arm-vfp-hflt/jre/lib/arm/libmanagement.so
76114000-76117000 ---p 00000000 00:00 0 
76117000-76164000 rwxp 00000000 00:00 0          [stack:12977]
76164000-761cd000 r-xp 00000000 b3:02 131660     /lib/arm-linux-gnueabihf/libm-2.19.so
761cd000-761dd000 ---p 00069000 b3:02 131660     /lib/arm-linux-gnueabihf/libm-2.19.so
761dd000-761de000 r--p 00069000 b3:02 131660     /lib/arm-linux-gnueabihf/libm-2.19.so
761de000-761df000 rw-p 0006a000 b3:02 131660     /lib/arm-linux-gnueabihf/libm-2.19.so
761df000-7692a000 r-xp 00000000 b3:02 43473      /usr/lib/jvm/jdk-8-oracle-arm-vfp-hflt/jre/lib/arm/server/libjvm.so
7692a000-76932000 ---p 0074b000 b3:02 43473      /usr/lib/jvm/jdk-8-oracle-arm-vfp-hflt/jre/lib/arm/server/libjvm.so
76932000-76982000 rw-p 0074b000 b3:02 43473      /usr/lib/jvm/jdk-8-oracle-arm-vfp-hflt/jre/lib/arm/server/libjvm.so
76982000-76da6000 rw-p 00000000 00:00 0 
76da6000-76dc3000 r-xp 00000000 b3:02 131737     /lib/arm-linux-gnueabihf/libgcc_s.so.1
76dc3000-76dd2000 ---p 0001d000 b3:02 131737     /lib/arm-linux-gnueabihf/libgcc_s.so.1
76dd2000-76dd3000 rw-p 0001c000 b3:02 131737     /lib/arm-linux-gnueabihf/libgcc_s.so.1
76dd3000-76efb000 r-xp 00000000 b3:02 131656     /lib/arm-linux-gnueabihf/libc-2.19.so
76efb000-76f0a000 ---p 00128000 b3:02 131656     /lib/arm-linux-gnueabihf/libc-2.19.so
76f0a000-76f0c000 r--p 00127000 b3:02 131656     /lib/arm-linux-gnueabihf/libc-2.19.so
76f0c000-76f0d000 rw-p 00129000 b3:02 131656     /lib/arm-linux-gnueabihf/libc-2.19.so
76f0d000-76f10000 rw-p 00000000 00:00 0 
76f10000-76f12000 r-xp 00000000 b3:02 131659     /lib/arm-linux-gnueabihf/libdl-2.19.so
76f12000-76f21000 ---p 00002000 b3:02 131659     /lib/arm-linux-gnueabihf/libdl-2.19.so
76f21000-76f22000 r--p 00001000 b3:02 131659     /lib/arm-linux-gnueabihf/libdl-2.19.so
76f22000-76f23000 rw-p 00002000 b3:02 131659     /lib/arm-linux-gnueabihf/libdl-2.19.so
76f23000-76f37000 r-xp 00000000 b3:02 43467      /usr/lib/jvm/jdk-8-oracle-arm-vfp-hflt/jre/lib/arm/jli/libjli.so
76f37000-76f3e000 ---p 00014000 b3:02 43467      /usr/lib/jvm/jdk-8-oracle-arm-vfp-hflt/jre/lib/arm/jli/libjli.so
76f3e000-76f3f000 rw-p 00013000 b3:02 43467      /usr/lib/jvm/jdk-8-oracle-arm-vfp-hflt/jre/lib/arm/jli/libjli.so
76f3f000-76f53000 r-xp 00000000 b3:02 131675     /lib/arm-linux-gnueabihf/libpthread-2.19.so
76f53000-76f63000 ---p 00014000 b3:02 131675     /lib/arm-linux-gnueabihf/libpthread-2.19.so
76f63000-76f64000 r--p 00014000 b3:02 131675     /lib/arm-linux-gnueabihf/libpthread-2.19.so
76f64000-76f65000 rw-p 00015000 b3:02 131675     /lib/arm-linux-gnueabihf/libpthread-2.19.so
76f65000-76f67000 rw-p 00000000 00:00 0 
76f67000-76f68000 r--s 00003000 b3:02 1311247    /home/otubo/minecraft_server/Minecraft/plugins/CraftableHorseArmor1.7.1.jar
76f68000-76f71000 r-xp 00000000 b3:02 43458      /usr/lib/jvm/jdk-8-oracle-arm-vfp-hflt/jre/lib/arm/libverify.so
76f71000-76f79000 ---p 00009000 b3:02 43458      /usr/lib/jvm/jdk-8-oracle-arm-vfp-hflt/jre/lib/arm/libverify.so
76f79000-76f7a000 rw-p 00009000 b3:02 43458      /usr/lib/jvm/jdk-8-oracle-arm-vfp-hflt/jre/lib/arm/libverify.so
76f7a000-76f7f000 r-xp 00000000 b3:02 26114      /usr/lib/arm-linux-gnueabihf/libarmmem.so
76f7f000-76f8e000 ---p 00005000 b3:02 26114      /usr/lib/arm-linux-gnueabihf/libarmmem.so
76f8e000-76f8f000 rw-p 00004000 b3:02 26114      /usr/lib/arm-linux-gnueabihf/libarmmem.so
76f8f000-76faf000 r-xp 00000000 b3:02 130614     /lib/arm-linux-gnueabihf/ld-2.19.so
76faf000-76fb0000 r--s 00001000 b3:02 1311249    /home/otubo/minecraft_server/Minecraft/plugins/MCMA_compat.jar
76fb0000-76fb8000 rw-s 00000000 b3:02 533794     /tmp/hsperfdata_otubo/12975
76fb8000-76fb9000 r--p 00000000 00:00 0 
76fb9000-76fbc000 rw-p 00000000 00:00 0 
76fbc000-76fbe000 rw-p 00000000 00:00 0 
76fbe000-76fbf000 r--p 0001f000 b3:02 130614     /lib/arm-linux-gnueabihf/ld-2.19.so
76fbf000-76fc0000 rw-p 00020000 b3:02 130614     /lib/arm-linux-gnueabihf/ld-2.19.so
7ed85000-7eda6000 rwxp 00000000 00:00 0          [stack]
7ef27000-7ef28000 r-xp 00000000 00:00 0          [sigpage]
7ef28000-7ef29000 r--p 00000000 00:00 0          [vvar]
7ef29000-7ef2a000 r-xp 00000000 00:00 0          [vdso]
ffff0000-ffff1000 r-xp 00000000 00:00 0          [vectors]

VM Arguments:
jvm_args: -Dfile.encoding=utf-8 -Djline.terminal=jline.UnsupportedTerminal -XX:+UseConcMarkSweepGC -XX:+UseParNewGC -XX:+CMSIncrementalPacing -XX:ParallelGCThreads=4 -XX:+AggressiveOpts -Xmx1024M 
java_command: craftbukkit.jar nogui -d yyyy-MM-dd HH:mm:ss -nojline --log-strip-color
java_class_path (initial): craftbukkit.jar
Launcher Type: SUN_STANDARD

Environment Variables:
PATH=/usr/local/sbin:/usr/local/bin:/usr/sbin:/usr/bin:/sbin:/bin:/usr/local/games:/usr/games
SHELL=/bin/bash

Signal Handlers:
SIGSEGV: [libjvm.so+0x6c7d04], sa_mask[0]=0x7ffbfeff, sa_flags=0x10000004
SIGBUS: [libjvm.so+0x6c7d04], sa_mask[0]=0x7ffbfeff, sa_flags=0x10000004
SIGFPE: [libjvm.so+0x5697d4], sa_mask[0]=0x7ffbfeff, sa_flags=0x10000004
SIGPIPE: [libjvm.so+0x5697d4], sa_mask[0]=0x7ffbfeff, sa_flags=0x10000004
SIGXFSZ: [libjvm.so+0x5697d4], sa_mask[0]=0x7ffbfeff, sa_flags=0x10000004
SIGILL: [libjvm.so+0x5697d4], sa_mask[0]=0x7ffbfeff, sa_flags=0x10000004
SIGUSR1: SIG_DFL, sa_mask[0]=0x00000000, sa_flags=0x00000000
SIGUSR2: [libjvm.so+0x569904], sa_mask[0]=0x00000000, sa_flags=0x10000004
SIGHUP: [libjvm.so+0x569d38], sa_mask[0]=0x7ffbfeff, sa_flags=0x10000004
SIGINT: [libjvm.so+0x569d38], sa_mask[0]=0x7ffbfeff, sa_flags=0x10000004
SIGTERM: [libjvm.so+0x569d38], sa_mask[0]=0x7ffbfeff, sa_flags=0x10000004
SIGQUIT: [libjvm.so+0x569d38], sa_mask[0]=0x7ffbfeff, sa_flags=0x10000004


---------------  S Y S T E M  ---------------

OS:PRETTY_NAME="Raspbian GNU/Linux 8 (jessie)"
NAME="Raspbian GNU/Linux"
VERSION_ID="8"
VERSION="8 (jessie)"
ID=raspbian
ID_LIKE=debian
HOME_URL="http://www.raspbian.org/"
SUPPORT_URL="http://www.raspbian.org/RaspbianForums"
BUG_REPORT_URL="http://www.raspbian.org/RaspbianBugs"

uname:Linux 4.1.7-v7+ #817 SMP PREEMPT Sat Sep 19 15:32:00 BST 2015 armv7l
libc:glibc 2.19 NPTL 2.19 
rlimit: STACK 8192k, CORE 0k, NPROC 7339, NOFILE 65536, AS infinity
load average:1.71 1.77 1.47

/proc/meminfo:
MemTotal:         948120 kB
MemFree:           49512 kB
MemAvailable:     229464 kB
Buffers:           24908 kB
Cached:           186712 kB
SwapCached:           40 kB
Active:           556928 kB
Inactive:         296140 kB
Active(anon):     458840 kB
Inactive(anon):   202340 kB
Active(file):      98088 kB
Inactive(file):    93800 kB
Unevictable:           0 kB
Mlocked:               0 kB
SwapTotal:        102396 kB
SwapFree:         101704 kB
Dirty:               740 kB
Writeback:             0 kB
AnonPages:        641460 kB
Mapped:            55336 kB
Shmem:             19732 kB
Slab:              27888 kB
SReclaimable:      17088 kB
SUnreclaim:        10800 kB
KernelStack:        2112 kB
PageTables:         3864 kB
NFS_Unstable:          0 kB
Bounce:                0 kB
WritebackTmp:          0 kB
CommitLimit:      576456 kB
Committed_AS:    1666344 kB
VmallocTotal:    1105920 kB
VmallocUsed:        1320 kB
VmallocChunk:     898496 kB
CmaTotal:           8192 kB
CmaFree:            1204 kB


CPU:total 4 (ARMv7), vfp, vfp3-32, simd

/proc/cpuinfo:
processor	: 0
model name	: ARMv7 Processor rev 5 (v7l)
BogoMIPS	: 64.00
Features	: half thumb fastmult vfp edsp neon vfpv3 tls vfpv4 idiva idivt vfpd32 lpae evtstrm 
CPU implementer	: 0x41
CPU architecture: 7
CPU variant	: 0x0
CPU part	: 0xc07
CPU revision	: 5

processor	: 1
model name	: ARMv7 Processor rev 5 (v7l)
BogoMIPS	: 64.00
Features	: half thumb fastmult vfp edsp neon vfpv3 tls vfpv4 idiva idivt vfpd32 lpae evtstrm 
CPU implementer	: 0x41
CPU architecture: 7
CPU variant	: 0x0
CPU part	: 0xc07
CPU revision	: 5

processor	: 2
model name	: ARMv7 Processor rev 5 (v7l)
BogoMIPS	: 64.00
Features	: half thumb fastmult vfp edsp neon vfpv3 tls vfpv4 idiva idivt vfpd32 lpae evtstrm 
CPU implementer	: 0x41
CPU architecture: 7
CPU variant	: 0x0
CPU part	: 0xc07
CPU revision	: 5

processor	: 3
model name	: ARMv7 Processor rev 5 (v7l)
BogoMIPS	: 64.00
Features	: half thumb fastmult vfp edsp neon vfpv3 tls vfpv4 idiva idivt vfpd32 lpae evtstrm 
CPU implementer	: 0x41
CPU architecture: 7
CPU variant	: 0x0
CPU part	: 0xc07
CPU revision	: 5

Hardware	: BCM2709
Revision	: a01041
Serial		: 00000000d95041df


Memory: 4k page, physical 948120k(49512k free), swap 102396k(101704k free)

vm_info: Java HotSpot(TM) Server VM (25.0-b70) for linux-arm-vfp-hflt JRE (1.8.0-b132), built on Mar  4 2014 06:11:55 by "java_re" with gcc 4.7.2 20120910 (prerelease)

time: Sun Oct 25 13:34:28 2015
elapsed time: 5381 seconds

