[13:40:48] [Server thread/INFO]: Starting minecraft server version 1.8.8
[13:40:48] [Server thread/INFO]: Loading properties
[13:40:48] [Server thread/INFO]: Default game type: SURVIVAL
[13:40:48] [Server thread/INFO]: Generating keypair
[13:40:48] [Server thread/INFO]: Starting Minecraft server on *:25565
[13:40:48] [Server thread/INFO]: Using epoll channel type
[13:40:48] [Server thread/INFO]: This server is running CraftBukkit version git-Bukkit-4a7472d (MC: 1.8.8) (Implementing API version 1.8.8-R0.1-SNAPSHOT)
[13:40:48] [Server thread/INFO]: [CraftableHorseArmor] Loading CraftableHorseArmor v1.7.1
[13:40:48] [Server thread/INFO]: [BukkitCompat] Loading BukkitCompat vR22A
[13:40:48] [Server thread/INFO]: [WhatsAppBot] Loading WhatsAppBot v1.0
[13:40:48] [Server thread/INFO]: [Slack] Loading Slack v1.5.0
[13:40:48] [Server thread/INFO]: Preparing level "world"
[13:40:49] [Server thread/INFO]: Preparing start region for level 0 (Seed: -1986499075990174107)
[13:40:50] [Server thread/INFO]: Preparing spawn area: 0%
[13:40:51] [Server thread/INFO]: Preparing spawn area: 25%
[13:40:52] [Server thread/INFO]: Preparing spawn area: 83%
[13:40:52] [Server thread/INFO]: Preparing start region for level 1 (Seed: 6519716237523612617)
[13:40:53] [Server thread/INFO]: Preparing spawn area: 60%
[13:40:54] [Server thread/INFO]: Preparing start region for level 2 (Seed: 6519716237523612617)
[13:40:54] [Server thread/INFO]: [CraftableHorseArmor] Enabling CraftableHorseArmor v1.7.1
[13:40:54] [Server thread/INFO]: [BukkitCompat] Enabling BukkitCompat vR22A
[13:40:54] [Server thread/INFO]: McMyAdmin Compatibility Plugin version R22A started.
[13:40:54] [Server thread/INFO]: [WhatsAppBot] Enabling WhatsAppBot v1.0
[13:40:54] [Server thread/INFO]: [Slack] Enabling Slack v1.5.0
[13:40:54] [Server thread/INFO]: [Slack] Slack has been enabled.
[13:40:54] [Server thread/INFO]: Server permissions file permissions.yml is empty, ignoring it
[13:40:54] [Server thread/INFO]: Done (5.750s)! For help, type "help" or "?"
[13:43:11] [User Authenticator #1/INFO]: UUID of player otubo is 7798ef00-e71a-4eeb-8c92-f0b43f263496
[13:43:11] [Server thread/INFO]: otubo[/62.217.45.26:20136] logged in with entity id 34 at ([world]-2446.4116105342678, 68.0, -1454.074999988079)
[13:43:11] [Server thread/INFO]: [Server] Welcome back, otubo
[13:43:12] [Server thread/INFO]: [CONSOLE->otubo] Hey there, otubo!
[13:43:12] [Server thread/INFO]: [CONSOLE->otubo] Welcome to Endor
[13:43:36] [Netty Epoll Server IO #2/INFO]: <otubo> teste
[13:44:05] [Thread-7/INFO]: <otubo> testando
[13:44:08] [Server thread/INFO]: otubo lost connection: Disconnected
[13:44:08] [Server thread/INFO]: otubo left the game.
[13:44:27] [Thread-7/INFO]: <otubo> Um viva ao horário de almoço produtivo.
[13:44:34] [Thread-7/INFO]: <otubo> Está pronto galera.
[14:00:00] [Server thread/INFO]: [Server] This server is running McMyAdmin Personal v2.6.0.0
[14:16:47] [Thread-7/INFO]: <fabio> Gustavo....
[14:17:25] [Thread-7/INFO]: <fabio> De uma olhada no mapa. Entre a caverna da cachoeira e a obra do Smorigo.
[14:17:31] [Thread-7/INFO]: <fabio> Deixei uma singela homenagem.
[14:20:33] [Thread-7/INFO]: <otubo> Tem que explicar a piada pro Smorigo.
[14:20:43] [Thread-7/INFO]: <fabio> HahahahHa
[14:30:00] [Server thread/INFO]: [Server] This server is running McMyAdmin Personal v2.6.0.0
[15:00:00] [Server thread/INFO]: [Server] This server is running McMyAdmin Personal v2.6.0.0
[15:30:00] [Server thread/INFO]: [Server] This server is running McMyAdmin Personal v2.6.0.0
